<?xml version="1.0" encoding="UTF-8"?>
<testng-results skipped="0" failed="0" ignored="0" total="1" passed="1">
  <reporter-output>
  </reporter-output>
  <suite name="Default suite" duration-ms="126987" started-at="2020-09-08T15:11:09Z" finished-at="2020-09-08T15:13:16Z">
    <groups>
    </groups>
    <test name="Default test" duration-ms="126987" started-at="2020-09-08T15:11:09Z" finished-at="2020-09-08T15:13:16Z">
      <class name="com.actitime.testscript.CreateCustomer">
        <test-method status="PASS" signature="openBrowser()[pri:0, instance:com.actitime.testscript.CreateCustomer@27efef64]" name="openBrowser" is-config="true" duration-ms="54632" started-at="2020-09-08T15:11:09Z" finished-at="2020-09-08T15:12:04Z">
          <reporter-output>
          </reporter-output>
        </test-method> <!-- openBrowser -->
        <test-method status="PASS" signature="login()[pri:0, instance:com.actitime.testscript.CreateCustomer@27efef64]" name="login" is-config="true" duration-ms="368" started-at="2020-09-08T15:12:04Z" finished-at="2020-09-08T15:12:04Z">
          <reporter-output>
          </reporter-output>
        </test-method> <!-- login -->
        <test-method status="PASS" signature="testCreateCustomer()[pri:0, instance:com.actitime.testscript.CreateCustomer@27efef64]" name="testCreateCustomer" duration-ms="66962" started-at="2020-09-08T15:12:04Z" finished-at="2020-09-08T15:13:11Z">
          <reporter-output>
          </reporter-output>
        </test-method> <!-- testCreateCustomer -->
        <test-method status="PASS" signature="logout()[pri:0, instance:com.actitime.testscript.CreateCustomer@27efef64]" name="logout" is-config="true" duration-ms="4884" started-at="2020-09-08T15:13:11Z" finished-at="2020-09-08T15:13:16Z">
          <reporter-output>
          </reporter-output>
        </test-method> <!-- logout -->
        <test-method status="PASS" signature="closeBrowser()[pri:0, instance:com.actitime.testscript.CreateCustomer@27efef64]" name="closeBrowser" is-config="true" duration-ms="112" started-at="2020-09-08T15:13:16Z" finished-at="2020-09-08T15:13:16Z">
          <reporter-output>
          </reporter-output>
        </test-method> <!-- closeBrowser -->
      </class> <!-- com.actitime.testscript.CreateCustomer -->
    </test> <!-- Default test -->
  </suite> <!-- Default suite -->
</testng-results>
